[2025-12-05 20:57:21] Starting system monitoring...
[2025-12-05 20:57:21] Collecting CPU information...
[2025-12-05 20:57:21] Collecting Memory information...
[2025-12-05 20:57:21] Monitoring complete. Report saved to reports/system_report_20251205_205721.txt
[2025-12-05 20:58:44] Starting system monitoring...
[2025-12-05 20:58:44] Collecting CPU information...
[2025-12-05 20:58:44] Collecting Memory information...
[2025-12-05 20:58:44] Monitoring complete. Report saved to reports/system_report_20251205_205844.txt
[2025-12-05 20:59:57] Starting system monitoring...
[2025-12-05 20:59:57] Collecting CPU information...
[2025-12-05 20:59:57] Collecting Memory information...
[2025-12-05 20:59:57] Monitoring complete. Report saved to reports/system_report_20251205_205957.txt
[2025-12-05 21:00:23] Starting system monitoring...
[2025-12-05 21:00:23] Collecting CPU information...
[2025-12-05 21:00:23] Collecting Memory information...
[2025-12-05 21:00:23] Monitoring complete. Report saved to reports/system_report_20251205_210023.txt
[2025-12-05 21:00:23] Collecting CPU information...
[2025-12-05 21:03:07] Starting system monitoring...
[2025-12-05 21:03:07] Collecting CPU information...
[2025-12-05 21:03:07] Collecting Memory information...
[2025-12-05 21:03:07] Collecting Disk information...
[2025-12-05 21:03:07] Collecting Temperature information...
[2025-12-05 21:03:07] Collecting Network information...
[2025-12-05 21:03:07] Monitoring complete. Report saved to reports/system_report_20251205_210307.txt
[2025-12-05 21:03:50] Starting system monitoring...
[2025-12-05 21:03:50] Collecting CPU information...
[2025-12-05 21:03:50] Collecting Memory information...
[2025-12-05 21:03:50] Collecting Disk information...
[2025-12-05 21:03:50] Collecting Temperature information...
[2025-12-05 21:03:50] Collecting Network information...
[2025-12-05 21:03:50] Monitoring complete. Report saved to reports/system_report_20251205_210350.txt
[2025-12-05 21:04:02] Starting system monitoring...
[2025-12-05 21:04:02] Collecting CPU information...
[2025-12-05 21:04:02] Collecting Memory information...
[2025-12-05 21:04:02] Collecting Disk information...
[2025-12-05 21:04:02] Collecting Temperature information...
[2025-12-05 21:04:02] Collecting Network information...
[2025-12-05 21:04:02] Monitoring complete. Report saved to reports/system_report_20251205_210402.txt
[2025-12-05 21:04:08] Collecting Disk information...
[2025-12-05 21:04:08] Collecting Temperature information...
[2025-12-05 21:04:08] Collecting Network information...
[2025-12-05 21:15:53] Starting system monitoring...
[2025-12-05 21:15:53] Collecting CPU information...
[2025-12-05 21:15:53] Collecting Memory information...
[2025-12-05 21:15:53] Collecting Disk information...
[2025-12-05 21:15:53] Collecting Temperature information...
[2025-12-05 21:15:53] Collecting Network information...
[2025-12-05 21:15:53] Monitoring complete. Report saved to reports/system_report_20251205_211553.txt
[2025-12-05 21:18:53] Starting system monitoring...
[2025-12-05 21:18:53] Collecting CPU information...
[2025-12-05 21:18:53] Collecting Memory information...
[2025-12-05 21:18:53] Collecting Disk information...
[2025-12-05 21:18:53] Collecting Temperature information...
[2025-12-05 21:18:53] Collecting Network information...
[2025-12-05 21:18:53] Collecting GPU information...
[2025-12-05 21:18:53] Checking for critical conditions...
[2025-12-05 21:18:53] Monitoring complete. Report saved to reports/system_report_20251205_211853.txt
[2025-12-05 21:29:48] Starting system monitoring...
[2025-12-05 21:29:48] Collecting CPU information...
[2025-12-05 21:29:48] Collecting Memory information...
[2025-12-05 21:29:48] Collecting Disk information...
[2025-12-05 21:29:48] Collecting Temperature information...
[2025-12-05 21:29:48] Collecting Network information...
[2025-12-05 21:29:48] Collecting GPU information...
[2025-12-05 21:29:48] Checking for critical conditions...
[2025-12-05 21:29:48] Monitoring complete. Report saved to reports/system_report_20251205_212948.txt
[2025-12-05 21:30:55] Collecting SMART status...
[2025-12-05 21:46:44] Starting system monitoring...
[2025-12-05 21:46:44] Collecting CPU information...
[2025-12-05 21:46:44] Collecting Memory information...
[2025-12-05 21:46:44] Collecting Disk information...
[2025-12-05 21:46:44] Collecting SMART status...
[2025-12-05 21:46:44] Collecting Temperature information...
[2025-12-05 21:46:44] Collecting Network information...
[2025-12-05 21:46:44] Collecting GPU information...
[2025-12-05 21:46:44] Checking for critical conditions...
[2025-12-05 21:46:44] Monitoring complete. Report saved to reports/system_report_20251205_214644.txt
[2025-12-05 21:48:12] Starting system monitoring...
[2025-12-05 21:48:12] Collecting CPU information...
[2025-12-05 21:48:12] Collecting Memory information...
[2025-12-05 21:48:12] Collecting Disk information...
[2025-12-05 21:48:12] Collecting SMART status...
[2025-12-05 21:48:12] Collecting Temperature information...
[2025-12-05 21:48:12] Collecting Network information...
[2025-12-05 21:48:12] Collecting GPU information...
[2025-12-05 21:48:12] Checking for critical conditions...
[2025-12-05 21:48:12] Monitoring complete. Report saved to reports/system_report_20251205_214812.txt
[2025-12-05 21:55:56] Starting system monitoring...
[2025-12-05 21:55:56] Collecting CPU information...
[2025-12-05 21:55:56] Collecting Memory information...
[2025-12-05 21:55:56] Collecting Disk information...
[2025-12-05 21:55:56] Collecting SMART status...
[2025-12-05 21:55:56] Collecting Temperature information...
[2025-12-05 21:55:56] Collecting Network information...
[2025-12-05 21:55:56] Collecting GPU information...
[2025-12-05 21:55:56] Checking for critical conditions...
[2025-12-05 21:55:56] Monitoring complete. Report saved to reports/system_report_20251205_215556.txt
[2025-12-05 21:57:12] Starting system monitoring...
[2025-12-05 21:57:12] Collecting CPU information...
[2025-12-05 21:57:12] Collecting Memory information...
[2025-12-05 21:57:12] Collecting Disk information...
[2025-12-05 21:57:12] Collecting SMART status...
[2025-12-05 21:57:12] Collecting Temperature information...
[2025-12-05 21:57:12] Collecting Network information...
[2025-12-05 21:57:12] Collecting GPU information...
[2025-12-05 21:57:12] Checking for critical conditions...
[2025-12-05 21:57:12] Generating HTML report...
[2025-12-05 21:57:12] Collecting CPU information...
[2025-12-05 21:57:12] Collecting Memory information...
[2025-12-05 21:57:12] Collecting Disk information...
[2025-12-05 21:57:12] Checking for critical conditions...
[2025-12-05 21:57:12] Monitoring complete. Report saved to reports/system_report_20251205_215712.txt
[2025-12-05 22:02:24] Starting system monitoring...
[2025-12-05 22:02:24] Collecting CPU information...
[2025-12-05 22:02:24] Collecting Memory information...
[2025-12-05 22:02:24] Collecting Disk information...
[2025-12-05 22:02:24] Collecting SMART status...
[2025-12-05 22:02:24] Collecting Temperature information...
[2025-12-05 22:02:24] Collecting Network information...
[2025-12-05 22:02:24] Collecting GPU information...
[2025-12-05 22:02:24] Checking for critical conditions...
[2025-12-05 22:02:24] Monitoring complete. Report saved to reports/system_report_20251205_220224.txt
[2025-12-05 22:03:08] Starting system monitoring...
[2025-12-05 22:03:08] Collecting CPU information...
[2025-12-05 22:03:08] Collecting Memory information...
[2025-12-05 22:03:08] Collecting Disk information...
[2025-12-05 22:03:08] Collecting SMART status...
[2025-12-05 22:03:08] Collecting Temperature information...
[2025-12-05 22:03:08] Collecting Network information...
[2025-12-05 22:03:08] Collecting GPU information...
[2025-12-05 22:03:08] Checking for critical conditions...
[2025-12-05 22:03:08] Monitoring complete. Report saved to reports/system_report_20251205_220308.txt
[2025-12-05 22:03:08] Generating HTML report: reports/system_report_20251205_220308.html
[2025-12-05 22:03:08] Collecting CPU information...
[2025-12-05 22:03:08] Collecting Memory information...
[2025-12-05 22:03:08] Collecting Disk information...
[2025-12-05 22:03:08] Checking for critical conditions...
